TN:
SF:/Users/tweecezor/Documents/GitHub/jsAdvanced/src/cookie.js
FN:46,(anonymous_0)
FN:50,(anonymous_1)
FNF:2
FNH:2
FNDA:5,(anonymous_0)
FNDA:20,(anonymous_1)
DA:34,1
DA:36,1
DA:38,1
DA:40,1
DA:42,1
DA:44,1
DA:46,1
DA:50,1
LF:8
LH:8
BRF:0
BRH:0
end_of_record
TN:
SF:/Users/tweecezor/Documents/GitHub/jsAdvanced/src/index.js
FN:13,createDivWithText
FN:29,prepend
FN:52,findAllPSiblings
FN:83,findError
FN:105,deleteTextNodes
FN:126,deleteTextNodesRecursive
FN:161,collectDOMStat
FN:162,innerFn
FN:234,observeChildNodes
FN:241,(anonymous_9)
FN:242,(anonymous_10)
FNF:11
FNH:10
FNDA:2,createDivWithText
FNDA:1,prepend
FNDA:1,findAllPSiblings
FNDA:1,findError
FNDA:1,deleteTextNodes
FNDA:19,deleteTextNodesRecursive
FNDA:1,collectDOMStat
FNDA:6,innerFn
FNDA:4,observeChildNodes
FNDA:4,(anonymous_9)
FNDA:0,(anonymous_10)
DA:14,2
DA:16,2
DA:18,2
DA:30,1
DA:53,1
DA:55,1
DA:57,1
DA:58,4
DA:59,2
DA:63,1
DA:83,7
DA:84,1
DA:86,2
DA:87,2
DA:90,1
DA:106,1
DA:108,1
DA:109,3
DA:110,3
DA:127,19
DA:129,19
DA:130,18
DA:132,18
DA:133,7
DA:134,7
DA:136,11
DA:163,6
DA:164,3
DA:166,14
DA:167,2
DA:169,3
DA:170,3
DA:173,6
DA:174,3
DA:176,6
DA:178,6
DA:179,5
DA:182,1
DA:187,1
DA:189,1
DA:191,1
DA:192,1
DA:194,1
DA:197,1
DA:236,4
DA:241,4
DA:242,4
DA:243,0
DA:244,0
DA:245,0
DA:253,4
LF:51
LH:48
BRDA:58,0,0,2
BRDA:58,0,1,2
BRDA:83,1,0,1
BRDA:83,1,1,2
BRDA:109,2,0,3
BRDA:109,2,1,0
BRDA:132,3,0,7
BRDA:132,3,1,11
BRDA:163,4,0,3
BRDA:163,4,1,3
BRDA:166,5,0,2
BRDA:166,5,1,4
BRDA:166,6,0,6
BRDA:166,6,1,3
BRDA:170,7,0,3
BRDA:170,7,1,2
BRDA:166,8,0,2
BRDA:166,8,1,4
BRDA:173,9,0,3
BRDA:173,9,1,3
BRDA:173,10,0,6
BRDA:173,10,1,3
BRDA:174,11,0,3
BRDA:174,11,1,2
BRDA:243,12,0,0
BRDA:243,12,1,0
BRF:26
BRH:23
end_of_record
