TN:
SF:/Users/tweecezor/Documents/GitHub/jsAdvanced/src/index.js
FN:15,createDivWithText
FN:31,prepend
FN:54,findAllPSiblings
FN:86,findError
FN:108,deleteTextNodes
FN:130,deleteTextNodesRecursive
FN:163,collectDOMStat
FN:198,observeChildNodes
FNF:8
FNH:8
FNDA:3,createDivWithText
FNDA:1,prepend
FNDA:1,findAllPSiblings
FNDA:1,findError
FNDA:1,deleteTextNodes
FNDA:1,deleteTextNodesRecursive
FNDA:1,collectDOMStat
FNDA:4,observeChildNodes
DA:16,3
DA:17,3
DA:18,3
DA:21,1
DA:32,1
DA:55,1
DA:57,1
DA:59,1
DA:60,4
DA:61,2
DA:65,1
DA:86,7
DA:87,1
DA:89,2
DA:90,2
DA:93,1
DA:109,1
DA:110,1
DA:111,1
DA:112,3
DA:113,3
DA:116,1
DA:131,1
DA:133,1
DA:134,1
DA:135,0
DA:136,1
DA:137,0
DA:139,1
LF:29
LH:27
BRDA:60,0,0,2
BRDA:60,0,1,2
BRDA:86,1,0,1
BRDA:86,1,1,2
BRDA:112,2,0,3
BRDA:112,2,1,0
BRDA:134,3,0,0
BRDA:134,3,1,1
BRDA:136,4,0,0
BRDA:136,4,1,1
BRF:10
BRH:7
end_of_record
